This file contains any messages produced by compilers while
running configure, to aid debugging if configure makes a mistake.

It was created by libnbase configure 0.1.4, which was
generated by GNU Autoconf 2.61.  Invocation command line was

  $ ./configure --prefix=/usr/local

## --------- ##
## Platform. ##
## --------- ##

hostname = debian
uname -m = i686
uname -r = 2.6.26-1-686
uname -s = Linux
uname -v = #1 SMP Sat Jan 10 18:29:31 UTC 2009

/usr/bin/uname -p = unknown
/bin/uname -X     = unknown

/bin/arch              = unknown
/usr/bin/arch -k       = unknown
/usr/convex/getsysinfo = unknown
/usr/bin/hostinfo      = unknown
/bin/machine           = unknown
/usr/bin/oslevel       = unknown
/bin/universe          = unknown

PATH: /usr/local/sbin
PATH: /usr/local/bin
PATH: /usr/sbin
PATH: /usr/bin
PATH: /sbin
PATH: /bin
PATH: /home/android-ndk-r8d
PATH: /home/android-ndk-r8d/build/tools


## ----------- ##
## Core tests. ##
## ----------- ##

configure:1983: checking for a BSD-compatible install
configure:2039: result: /usr/bin/install -c
configure:2050: checking whether build environment is sane
configure:2093: result: yes
configure:2121: checking for a thread-safe mkdir -p
configure:2160: result: /bin/mkdir -p
configure:2173: checking for gawk
configure:2203: result: no
configure:2173: checking for mawk
configure:2189: found /usr/bin/mawk
configure:2200: result: mawk
configure:2211: checking whether make sets $(MAKE)
configure:2232: result: yes
configure:2473: checking for gcc
configure:2489: found /usr/bin/gcc
configure:2500: result: gcc
configure:2738: checking for C compiler version
configure:2745: gcc --version >&5
gcc (Debian 4.3.2-1.1) 4.3.2
Copyright (C) 2008 Free Software Foundation, Inc.
This is free software; see the source for copying conditions.  There is NO
warranty; not even for MERCHANTABILITY or FITNESS FOR A PARTICULAR PURPOSE.

configure:2748: $? = 0
configure:2755: gcc -v >&5
Using built-in specs.
Target: i486-linux-gnu
Configured with: ../src/configure -v --with-pkgversion='Debian 4.3.2-1.1' --with-bugurl=file:///usr/share/doc/gcc-4.3/README.Bugs --enable-languages=c,c++,fortran,objc,obj-c++ --prefix=/usr --enable-shared --with-system-zlib --libexecdir=/usr/lib --without-included-gettext --enable-threads=posix --enable-nls --with-gxx-include-dir=/usr/include/c++/4.3 --program-suffix=-4.3 --enable-clocale=gnu --enable-libstdcxx-debug --enable-objc-gc --enable-mpfr --enable-targets=all --enable-cld --enable-checking=release --build=i486-linux-gnu --host=i486-linux-gnu --target=i486-linux-gnu
Thread model: posix
gcc version 4.3.2 (Debian 4.3.2-1.1) 
configure:2758: $? = 0
configure:2765: gcc -V >&5
gcc: '-V' option must have argument
configure:2768: $? = 1
configure:2791: checking for C compiler default output file name
configure:2818: gcc    conftest.c  >&5
configure:2821: $? = 0
configure:2859: result: a.out
configure:2876: checking whether the C compiler works
configure:2886: ./a.out
configure:2889: $? = 0
configure:2906: result: yes
configure:2913: checking whether we are cross compiling
configure:2915: result: no
configure:2918: checking for suffix of executables
configure:2925: gcc -o conftest    conftest.c  >&5
configure:2928: $? = 0
configure:2952: result: 
configure:2958: checking for suffix of object files
configure:2984: gcc -c   conftest.c >&5
configure:2987: $? = 0
configure:3010: result: o
configure:3014: checking whether we are using the GNU C compiler
configure:3043: gcc -c   conftest.c >&5
configure:3049: $? = 0
configure:3066: result: yes
configure:3071: checking whether gcc accepts -g
configure:3101: gcc -c -g  conftest.c >&5
configure:3107: $? = 0
configure:3206: result: yes
configure:3223: checking for gcc option to accept ISO C89
configure:3297: gcc  -c -g -O2  conftest.c >&5
configure:3303: $? = 0
configure:3326: result: none needed
configure:3355: checking for style of include used by make
configure:3383: result: GNU
configure:3408: checking dependency style of gcc
configure:3499: result: gcc3
configure:3572: checking for g++
configure:3588: found /usr/bin/g++
configure:3599: result: g++
configure:3630: checking for C++ compiler version
configure:3637: g++ --version >&5
g++ (Debian 4.3.2-1.1) 4.3.2
Copyright (C) 2008 Free Software Foundation, Inc.
This is free software; see the source for copying conditions.  There is NO
warranty; not even for MERCHANTABILITY or FITNESS FOR A PARTICULAR PURPOSE.

configure:3640: $? = 0
configure:3647: g++ -v >&5
Using built-in specs.
Target: i486-linux-gnu
Configured with: ../src/configure -v --with-pkgversion='Debian 4.3.2-1.1' --with-bugurl=file:///usr/share/doc/gcc-4.3/README.Bugs --enable-languages=c,c++,fortran,objc,obj-c++ --prefix=/usr --enable-shared --with-system-zlib --libexecdir=/usr/lib --without-included-gettext --enable-threads=posix --enable-nls --with-gxx-include-dir=/usr/include/c++/4.3 --program-suffix=-4.3 --enable-clocale=gnu --enable-libstdcxx-debug --enable-objc-gc --enable-mpfr --enable-targets=all --enable-cld --enable-checking=release --build=i486-linux-gnu --host=i486-linux-gnu --target=i486-linux-gnu
Thread model: posix
gcc version 4.3.2 (Debian 4.3.2-1.1) 
configure:3650: $? = 0
configure:3657: g++ -V >&5
g++: '-V' option must have argument
configure:3660: $? = 1
configure:3663: checking whether we are using the GNU C++ compiler
configure:3692: g++ -c   conftest.cpp >&5
configure:3698: $? = 0
configure:3715: result: yes
configure:3720: checking whether g++ accepts -g
configure:3750: g++ -c -g  conftest.cpp >&5
configure:3756: $? = 0
configure:3855: result: yes
configure:3880: checking dependency style of g++
configure:3971: result: gcc3
configure:4064: checking build system type
configure:4082: result: i686-pc-linux-gnu
configure:4104: checking host system type
configure:4119: result: i686-pc-linux-gnu
configure:4141: checking for a sed that does not truncate output
configure:4197: result: /bin/sed
configure:4200: checking for grep that handles long lines and -e
configure:4274: result: /bin/grep
configure:4279: checking for egrep
configure:4357: result: /bin/grep -E
configure:4373: checking for ld used by gcc
configure:4440: result: /usr/bin/ld
configure:4449: checking if the linker (/usr/bin/ld) is GNU ld
configure:4464: result: yes
configure:4469: checking for /usr/bin/ld option to reload object files
configure:4476: result: -r
configure:4494: checking for BSD-compatible nm
configure:4543: result: /usr/bin/nm -B
configure:4547: checking whether ln -s works
configure:4554: result: no, using ln
configure:4558: checking how to recognize dependent libraries
configure:4744: result: pass_all
configure:4989: checking how to run the C preprocessor
configure:5029: gcc -E  conftest.c
configure:5035: $? = 0
configure:5066: gcc -E  conftest.c
conftest.c:10:28: error: ac_nonexistent.h: No such file or directory
configure:5072: $? = 1
configure: failed program was:
| /* confdefs.h.  */
| #define PACKAGE_NAME "libnbase"
| #define PACKAGE_TARNAME "libnbase"
| #define PACKAGE_VERSION "0.1.4"
| #define PACKAGE_STRING "libnbase 0.1.4"
| #define PACKAGE_BUGREPORT "timsumchina@gmail.com"
| #define PACKAGE "libnbase"
| #define VERSION "0.1.4"
| /* end confdefs.h.  */
| #include <ac_nonexistent.h>
configure:5105: result: gcc -E
configure:5134: gcc -E  conftest.c
configure:5140: $? = 0
configure:5171: gcc -E  conftest.c
conftest.c:10:28: error: ac_nonexistent.h: No such file or directory
configure:5177: $? = 1
configure: failed program was:
| /* confdefs.h.  */
| #define PACKAGE_NAME "libnbase"
| #define PACKAGE_TARNAME "libnbase"
| #define PACKAGE_VERSION "0.1.4"
| #define PACKAGE_STRING "libnbase 0.1.4"
| #define PACKAGE_BUGREPORT "timsumchina@gmail.com"
| #define PACKAGE "libnbase"
| #define VERSION "0.1.4"
| /* end confdefs.h.  */
| #include <ac_nonexistent.h>
configure:5215: checking for ANSI C header files
configure:5245: gcc -c -g -O2  conftest.c >&5
configure:5251: $? = 0
configure:5350: gcc -o conftest -g -O2   conftest.c  >&5
configure:5353: $? = 0
configure:5359: ./conftest
configure:5362: $? = 0
configure:5379: result: yes
configure:5403: checking for sys/types.h
configure:5424: gcc -c -g -O2  conftest.c >&5
configure:5430: $? = 0
configure:5446: result: yes
configure:5403: checking for sys/stat.h
configure:5424: gcc -c -g -O2  conftest.c >&5
configure:5430: $? = 0
configure:5446: result: yes
configure:5403: checking for stdlib.h
configure:5424: gcc -c -g -O2  conftest.c >&5
configure:5430: $? = 0
configure:5446: result: yes
configure:5403: checking for string.h
configure:5424: gcc -c -g -O2  conftest.c >&5
configure:5430: $? = 0
configure:5446: result: yes
configure:5403: checking for memory.h
configure:5424: gcc -c -g -O2  conftest.c >&5
configure:5430: $? = 0
configure:5446: result: yes
configure:5403: checking for strings.h
configure:5424: gcc -c -g -O2  conftest.c >&5
configure:5430: $? = 0
configure:5446: result: yes
configure:5403: checking for inttypes.h
configure:5424: gcc -c -g -O2  conftest.c >&5
configure:5430: $? = 0
configure:5446: result: yes
configure:5403: checking for stdint.h
configure:5424: gcc -c -g -O2  conftest.c >&5
configure:5430: $? = 0
configure:5446: result: yes
configure:5403: checking for unistd.h
configure:5424: gcc -c -g -O2  conftest.c >&5
configure:5430: $? = 0
configure:5446: result: yes
configure:5473: checking dlfcn.h usability
configure:5490: gcc -c -g -O2  conftest.c >&5
configure:5496: $? = 0
configure:5510: result: yes
configure:5514: checking dlfcn.h presence
configure:5529: gcc -E  conftest.c
configure:5535: $? = 0
configure:5549: result: yes
configure:5582: checking for dlfcn.h
configure:5590: result: yes
configure:5613: checking how to run the C++ preprocessor
configure:5649: g++ -E  conftest.cpp
configure:5655: $? = 0
configure:5686: g++ -E  conftest.cpp
conftest.cpp:21:28: error: ac_nonexistent.h: No such file or directory
configure:5692: $? = 1
configure: failed program was:
| /* confdefs.h.  */
| #define PACKAGE_NAME "libnbase"
| #define PACKAGE_TARNAME "libnbase"
| #define PACKAGE_VERSION "0.1.4"
| #define PACKAGE_STRING "libnbase 0.1.4"
| #define PACKAGE_BUGREPORT "timsumchina@gmail.com"
| #define PACKAGE "libnbase"
| #define VERSION "0.1.4"
| #define STDC_HEADERS 1
| #define HAVE_SYS_TYPES_H 1
| #define HAVE_SYS_STAT_H 1
| #define HAVE_STDLIB_H 1
| #define HAVE_STRING_H 1
| #define HAVE_MEMORY_H 1
| #define HAVE_STRINGS_H 1
| #define HAVE_INTTYPES_H 1
| #define HAVE_STDINT_H 1
| #define HAVE_UNISTD_H 1
| #define HAVE_DLFCN_H 1
| /* end confdefs.h.  */
| #include <ac_nonexistent.h>
configure:5725: result: g++ -E
configure:5754: g++ -E  conftest.cpp
configure:5760: $? = 0
configure:5791: g++ -E  conftest.cpp
conftest.cpp:21:28: error: ac_nonexistent.h: No such file or directory
configure:5797: $? = 1
configure: failed program was:
| /* confdefs.h.  */
| #define PACKAGE_NAME "libnbase"
| #define PACKAGE_TARNAME "libnbase"
| #define PACKAGE_VERSION "0.1.4"
| #define PACKAGE_STRING "libnbase 0.1.4"
| #define PACKAGE_BUGREPORT "timsumchina@gmail.com"
| #define PACKAGE "libnbase"
| #define VERSION "0.1.4"
| #define STDC_HEADERS 1
| #define HAVE_SYS_TYPES_H 1
| #define HAVE_SYS_STAT_H 1
| #define HAVE_STDLIB_H 1
| #define HAVE_STRING_H 1
| #define HAVE_MEMORY_H 1
| #define HAVE_STRINGS_H 1
| #define HAVE_INTTYPES_H 1
| #define HAVE_STDINT_H 1
| #define HAVE_UNISTD_H 1
| #define HAVE_DLFCN_H 1
| /* end confdefs.h.  */
| #include <ac_nonexistent.h>
configure:5890: checking for g77
configure:5920: result: no
configure:5890: checking for xlf
configure:5920: result: no
configure:5890: checking for f77
configure:5920: result: no
configure:5890: checking for frt
configure:5920: result: no
configure:5890: checking for pgf77
configure:5920: result: no
configure:5890: checking for cf77
configure:5920: result: no
configure:5890: checking for fort77
configure:5920: result: no
configure:5890: checking for fl32
configure:5920: result: no
configure:5890: checking for af77
configure:5920: result: no
configure:5890: checking for xlf90
configure:5920: result: no
configure:5890: checking for f90
configure:5920: result: no
configure:5890: checking for pgf90
configure:5920: result: no
configure:5890: checking for pghpf
configure:5920: result: no
configure:5890: checking for epcf90
configure:5920: result: no
configure:5890: checking for gfortran
configure:5920: result: no
configure:5890: checking for g95
configure:5920: result: no
configure:5890: checking for xlf95
configure:5920: result: no
configure:5890: checking for f95
configure:5920: result: no
configure:5890: checking for fort
configure:5920: result: no
configure:5890: checking for ifort
configure:5920: result: no
configure:5890: checking for ifc
configure:5920: result: no
configure:5890: checking for efc
configure:5920: result: no
configure:5890: checking for pgf95
configure:5920: result: no
configure:5890: checking for lf95
configure:5920: result: no
configure:5890: checking for ftn
configure:5920: result: no
configure:5947: checking for Fortran 77 compiler version
configure:5954:  --version >&5
./configure: line 5955: --version: command not found
configure:5957: $? = 127
configure:5964:  -v >&5
./configure: line 5965: -v: command not found
configure:5967: $? = 127
configure:5974:  -V >&5
./configure: line 5975: -V: command not found
configure:5977: $? = 127
configure:5985: checking whether we are using the GNU Fortran 77 compiler
configure:6004:  -c  conftest.F >&5
./configure: line 6005: -c: command not found
configure:6010: $? = 127
configure: failed program was:
|       program main
| #ifndef __GNUC__
|        choke me
| #endif
| 
|       end
configure:6027: result: no
configure:6033: checking whether  accepts -g
configure:6050:  -c -g conftest.f >&5
./configure: line 6051: -c: command not found
configure:6056: $? = 127
configure: failed program was:
|       program main
| 
|       end
configure:6072: result: no
configure:6101: checking the maximum length of command line arguments
configure:6213: result: 98304
configure:6225: checking command to parse /usr/bin/nm -B output from gcc object
configure:6330: gcc -c -g -O2  conftest.c >&5
configure:6333: $? = 0
configure:6337: /usr/bin/nm -B conftest.o \| sed -n -e 's/^.*[ 	]\([ABCDGIRSTW][ABCDGIRSTW]*\)[ 	][ 	]*\([_A-Za-z][_A-Za-z0-9]*\)$/\1 \2 \2/p' \> conftest.nm
configure:6340: $? = 0
configure:6392: gcc -o conftest -g -O2   conftest.c conftstm.o >&5
configure:6395: $? = 0
configure:6433: result: ok
configure:6437: checking for objdir
configure:6452: result: .libs
configure:6544: checking for ar
configure:6560: found /usr/bin/ar
configure:6571: result: ar
configure:6640: checking for ranlib
configure:6656: found /usr/bin/ranlib
configure:6667: result: ranlib
configure:6736: checking for strip
configure:6752: found /usr/bin/strip
configure:6763: result: strip
configure:7361: checking if gcc supports -fno-rtti -fno-exceptions
configure:7379: gcc -c -g -O2  -fno-rtti -fno-exceptions conftest.c >&5
cc1: warning: command line option "-fno-rtti" is valid for C++/ObjC++ but not for C
configure:7383: $? = 0
configure:7396: result: no
configure:7411: checking for gcc option to produce PIC
configure:7643: result: -fPIC
configure:7651: checking if gcc PIC flag -fPIC works
configure:7669: gcc -c -g -O2  -fPIC -DPIC conftest.c >&5
configure:7673: $? = 0
configure:7686: result: yes
configure:7714: checking if gcc static flag -static works
configure:7742: result: yes
configure:7752: checking if gcc supports -c -o file.o
configure:7773: gcc -c -g -O2  -o out/conftest2.o conftest.c >&5
configure:7777: $? = 0
configure:7799: result: yes
configure:7825: checking whether the gcc linker (/usr/bin/ld) supports shared libraries
configure:8806: result: yes
configure:8827: checking whether -lc should be explicitly linked in
configure:8832: gcc -c -g -O2  conftest.c >&5
configure:8835: $? = 0
configure:8850: gcc -shared conftest.o  -v -Wl,-soname -Wl,conftest -o conftest 2\>\&1 \| grep  -lc  \>/dev/null 2\>\&1
configure:8853: $? = 0
configure:8865: result: no
configure:8873: checking dynamic linker characteristics
configure:9487: result: GNU/Linux ld.so
configure:9511: checking how to hardcode library paths into programs
configure:9536: result: immediate
configure:9550: checking whether stripping libraries is possible
configure:9555: result: yes
configure:10357: checking if libtool supports shared libraries
configure:10359: result: yes
configure:10362: checking whether to build shared libraries
configure:10383: result: yes
configure:10386: checking whether to build static libraries
configure:10390: result: yes
configure:10484: creating libtool
configure:11077: checking for ld used by g++
configure:11144: result: /usr/bin/ld
configure:11153: checking if the linker (/usr/bin/ld) is GNU ld
configure:11168: result: yes
configure:11219: checking whether the g++ linker (/usr/bin/ld) supports shared libraries
configure:12165: result: yes
configure:12182: g++ -c -g -O2  conftest.cpp >&5
configure:12185: $? = 0
configure:12341: checking for g++ option to produce PIC
configure:12625: result: -fPIC
configure:12633: checking if g++ PIC flag -fPIC works
configure:12651: g++ -c -g -O2  -fPIC -DPIC conftest.cpp >&5
configure:12655: $? = 0
configure:12668: result: yes
configure:12696: checking if g++ static flag -static works
configure:12724: result: yes
configure:12734: checking if g++ supports -c -o file.o
configure:12755: g++ -c -g -O2  -o out/conftest2.o conftest.cpp >&5
configure:12759: $? = 0
configure:12781: result: yes
configure:12807: checking whether the g++ linker (/usr/bin/ld) supports shared libraries
configure:12836: result: yes
configure:12903: checking dynamic linker characteristics
configure:13465: result: GNU/Linux ld.so
configure:13489: checking how to hardcode library paths into programs
configure:13514: result: immediate
configure:19765: checking for main in -levbase
configure:19794: gcc -o conftest -g -O2   conftest.c -levbase   >&5
configure:19800: $? = 0
configure:19818: result: yes
configure:19831: checking for main in -lpthread
configure:19860: gcc -o conftest -g -O2   conftest.c -lpthread  -levbase  >&5
configure:19866: $? = 0
configure:19884: result: yes
configure:19897: checking for ANSI C header files
configure:20061: result: yes
configure:20096: checking arpa/inet.h usability
configure:20113: gcc -c -g -O2  conftest.c >&5
configure:20119: $? = 0
configure:20133: result: yes
configure:20137: checking arpa/inet.h presence
configure:20152: gcc -E  conftest.c
configure:20158: $? = 0
configure:20172: result: yes
configure:20205: checking for arpa/inet.h
configure:20213: result: yes
configure:20096: checking fcntl.h usability
configure:20113: gcc -c -g -O2  conftest.c >&5
configure:20119: $? = 0
configure:20133: result: yes
configure:20137: checking fcntl.h presence
configure:20152: gcc -E  conftest.c
configure:20158: $? = 0
configure:20172: result: yes
configure:20205: checking for fcntl.h
configure:20213: result: yes
configure:20096: checking locale.h usability
configure:20113: gcc -c -g -O2  conftest.c >&5
configure:20119: $? = 0
configure:20133: result: yes
configure:20137: checking locale.h presence
configure:20152: gcc -E  conftest.c
configure:20158: $? = 0
configure:20172: result: yes
configure:20205: checking for locale.h
configure:20213: result: yes
configure:20096: checking netdb.h usability
configure:20113: gcc -c -g -O2  conftest.c >&5
configure:20119: $? = 0
configure:20133: result: yes
configure:20137: checking netdb.h presence
configure:20152: gcc -E  conftest.c
configure:20158: $? = 0
configure:20172: result: yes
configure:20205: checking for netdb.h
configure:20213: result: yes
configure:20096: checking netinet/in.h usability
configure:20113: gcc -c -g -O2  conftest.c >&5
configure:20119: $? = 0
configure:20133: result: yes
configure:20137: checking netinet/in.h presence
configure:20152: gcc -E  conftest.c
configure:20158: $? = 0
configure:20172: result: yes
configure:20205: checking for netinet/in.h
configure:20213: result: yes
configure:20086: checking for stdint.h
configure:20092: result: yes
configure:20086: checking for stdlib.h
configure:20092: result: yes
configure:20086: checking for string.h
configure:20092: result: yes
configure:20096: checking sys/socket.h usability
configure:20113: gcc -c -g -O2  conftest.c >&5
configure:20119: $? = 0
configure:20133: result: yes
configure:20137: checking sys/socket.h presence
configure:20152: gcc -E  conftest.c
configure:20158: $? = 0
configure:20172: result: yes
configure:20205: checking for sys/socket.h
configure:20213: result: yes
configure:20096: checking sys/time.h usability
configure:20113: gcc -c -g -O2  conftest.c >&5
configure:20119: $? = 0
configure:20133: result: yes
configure:20137: checking sys/time.h presence
configure:20152: gcc -E  conftest.c
configure:20158: $? = 0
configure:20172: result: yes
configure:20205: checking for sys/time.h
configure:20213: result: yes
configure:20086: checking for unistd.h
configure:20092: result: yes
configure:20228: checking for an ANSI C-conforming const
configure:20303: gcc -c -g -O2  conftest.c >&5
configure:20309: $? = 0
configure:20324: result: yes
configure:20334: checking for size_t
configure:20364: gcc -c -g -O2  conftest.c >&5
configure:20370: $? = 0
configure:20385: result: yes
configure:20397: checking whether time.h and sys/time.h may both be included
configure:20427: gcc -c -g -O2  conftest.c >&5
configure:20433: $? = 0
configure:20448: result: yes
configure:20458: checking whether struct tm is in sys/time.h or time.h
configure:20488: gcc -c -g -O2  conftest.c >&5
configure:20494: $? = 0
configure:20509: result: time.h
configure:20526: checking for stdlib.h
configure:20532: result: yes
configure:20666: checking for GNU libc compatible malloc
configure:20700: gcc -o conftest -g -O2   conftest.c -lpthread -levbase  >&5
configure:20703: $? = 0
configure:20709: ./conftest
configure:20712: $? = 0
configure:20728: result: yes
configure:20762: checking for stdlib.h
configure:20768: result: yes
configure:20762: checking for unistd.h
configure:20768: result: yes
configure:20906: checking for getpagesize
configure:20962: gcc -o conftest -g -O2   conftest.c -lpthread -levbase  >&5
configure:20968: $? = 0
configure:20986: result: yes
configure:20996: checking for working mmap
configure:21143: gcc -o conftest -g -O2   conftest.c -lpthread -levbase  >&5
configure:21146: $? = 0
configure:21152: ./conftest
configure:21155: $? = 0
configure:21171: result: yes
configure:21187: checking for stdlib.h
configure:21193: result: yes
configure:21327: checking for GNU libc compatible realloc
configure:21361: gcc -o conftest -g -O2   conftest.c -lpthread -levbase  >&5
configure:21364: $? = 0
configure:21370: ./conftest
configure:21373: $? = 0
configure:21389: result: yes
configure:21421: checking for vprintf
configure:21477: gcc -o conftest -g -O2   conftest.c -lpthread -levbase  >&5
conftest.c:67: warning: conflicting types for built-in function 'vprintf'
configure:21483: $? = 0
configure:21501: result: yes
configure:21508: checking for _doprnt
configure:21564: gcc -o conftest -g -O2   conftest.c -lpthread -levbase  >&5
/tmp/ccKUW7P2.o: In function `main':
/mnt/wind/a/libnbase-0.1.4_client/conftest.c:79: undefined reference to `_doprnt'
collect2: ld returned 1 exit status
configure:21570: $? = 1
configure: failed program was:
| /* confdefs.h.  */
| #define PACKAGE_NAME "libnbase"
| #define PACKAGE_TARNAME "libnbase"
| #define PACKAGE_VERSION "0.1.4"
| #define PACKAGE_STRING "libnbase 0.1.4"
| #define PACKAGE_BUGREPORT "timsumchina@gmail.com"
| #define PACKAGE "libnbase"
| #define VERSION "0.1.4"
| #define STDC_HEADERS 1
| #define HAVE_SYS_TYPES_H 1
| #define HAVE_SYS_STAT_H 1
| #define HAVE_STDLIB_H 1
| #define HAVE_STRING_H 1
| #define HAVE_MEMORY_H 1
| #define HAVE_STRINGS_H 1
| #define HAVE_INTTYPES_H 1
| #define HAVE_STDINT_H 1
| #define HAVE_UNISTD_H 1
| #define HAVE_DLFCN_H 1
| #define HAVE_LIBEVBASE 1
| #define HAVE_LIBPTHREAD 1
| #define STDC_HEADERS 1
| #define HAVE_ARPA_INET_H 1
| #define HAVE_FCNTL_H 1
| #define HAVE_LOCALE_H 1
| #define HAVE_NETDB_H 1
| #define HAVE_NETINET_IN_H 1
| #define HAVE_STDINT_H 1
| #define HAVE_STDLIB_H 1
| #define HAVE_STRING_H 1
| #define HAVE_SYS_SOCKET_H 1
| #define HAVE_SYS_TIME_H 1
| #define HAVE_UNISTD_H 1
| #define TIME_WITH_SYS_TIME 1
| #define HAVE_STDLIB_H 1
| #define HAVE_MALLOC 1
| #define HAVE_STDLIB_H 1
| #define HAVE_UNISTD_H 1
| #define HAVE_GETPAGESIZE 1
| #define HAVE_MMAP 1
| #define HAVE_STDLIB_H 1
| #define HAVE_REALLOC 1
| #define HAVE_VPRINTF 1
| /* end confdefs.h.  */
| /* Define _doprnt to an innocuous variant, in case <limits.h> declares _doprnt.
|    For example, HP-UX 11i <limits.h> declares gettimeofday.  */
| #define _doprnt innocuous__doprnt
| 
| /* System header to define __stub macros and hopefully few prototypes,
|     which can conflict with char _doprnt (); below.
|     Prefer <limits.h> to <assert.h> if __STDC__ is defined, since
|     <limits.h> exists even on freestanding compilers.  */
| 
| #ifdef __STDC__
| # include <limits.h>
| #else
| # include <assert.h>
| #endif
| 
| #undef _doprnt
| 
| /* Override any GCC internal prototype to avoid an error.
|    Use char because int might match the return type of a GCC
|    builtin and then its argument prototype would still apply.  */
| #ifdef __cplusplus
| extern "C"
| #endif
| char _doprnt ();
| /* The GNU C library defines this for functions which it implements
|     to always fail with ENOSYS.  Some functions are actually named
|     something starting with __ and the normal name is an alias.  */
| #if defined __stub__doprnt || defined __stub____doprnt
| choke me
| #endif
| 
| int
| main ()
| {
| return _doprnt ();
|   ;
|   return 0;
| }
configure:21587: result: no
configure:21602: checking for debugging
configure:21614: result: no
configure:21616: checking for supporting mmap
configure:21628: result: no
configure:21642: checking for gethostbyname
configure:21698: gcc -o conftest -g -O2   conftest.c -lpthread -levbase  >&5
configure:21704: $? = 0
configure:21722: result: yes
configure:21642: checking for gettimeofday
configure:21698: gcc -o conftest -g -O2   conftest.c -lpthread -levbase  >&5
configure:21704: $? = 0
configure:21722: result: yes
configure:21642: checking for inet_ntoa
configure:21698: gcc -o conftest -g -O2   conftest.c -lpthread -levbase  >&5
configure:21704: $? = 0
configure:21722: result: yes
configure:21642: checking for memmove
configure:21698: gcc -o conftest -g -O2   conftest.c -lpthread -levbase  >&5
conftest.c:71: warning: conflicting types for built-in function 'memmove'
configure:21704: $? = 0
configure:21722: result: yes
configure:21642: checking for memset
configure:21698: gcc -o conftest -g -O2   conftest.c -lpthread -levbase  >&5
conftest.c:72: warning: conflicting types for built-in function 'memset'
configure:21704: $? = 0
configure:21722: result: yes
configure:21642: checking for munmap
configure:21698: gcc -o conftest -g -O2   conftest.c -lpthread -levbase  >&5
configure:21704: $? = 0
configure:21722: result: yes
configure:21642: checking for socket
configure:21698: gcc -o conftest -g -O2   conftest.c -lpthread -levbase  >&5
configure:21704: $? = 0
configure:21722: result: yes
configure:21642: checking for strerror
configure:21698: gcc -o conftest -g -O2   conftest.c -lpthread -levbase  >&5
configure:21704: $? = 0
configure:21722: result: yes
configure:21856: creating ./config.status

## ---------------------- ##
## Running config.status. ##
## ---------------------- ##

This file was extended by libnbase config.status 0.1.4, which was
generated by GNU Autoconf 2.61.  Invocation command line was

  CONFIG_FILES    = 
  CONFIG_HEADERS  = 
  CONFIG_LINKS    = 
  CONFIG_COMMANDS = 
  $ ./config.status 

on debian

config.status:665: creating Makefile
config.status:665: creating src/Makefile
config.status:665: creating config.h
config.status:979: executing depfiles commands

## ---------------- ##
## Cache variables. ##
## ---------------- ##

ac_cv_build=i686-pc-linux-gnu
ac_cv_c_compiler_gnu=yes
ac_cv_c_const=yes
ac_cv_cxx_compiler_gnu=yes
ac_cv_env_CCC_set=
ac_cv_env_CCC_value=
ac_cv_env_CC_set=
ac_cv_env_CC_value=
ac_cv_env_CFLAGS_set=
ac_cv_env_CFLAGS_value=
ac_cv_env_CPPFLAGS_set=
ac_cv_env_CPPFLAGS_value=
ac_cv_env_CPP_set=
ac_cv_env_CPP_value=
ac_cv_env_CXXCPP_set=
ac_cv_env_CXXCPP_value=
ac_cv_env_CXXFLAGS_set=
ac_cv_env_CXXFLAGS_value=
ac_cv_env_CXX_set=
ac_cv_env_CXX_value=
ac_cv_env_F77_set=
ac_cv_env_F77_value=
ac_cv_env_FFLAGS_set=
ac_cv_env_FFLAGS_value=
ac_cv_env_LDFLAGS_set=
ac_cv_env_LDFLAGS_value=
ac_cv_env_LIBS_set=
ac_cv_env_LIBS_value=
ac_cv_env_build_alias_set=
ac_cv_env_build_alias_value=
ac_cv_env_host_alias_set=
ac_cv_env_host_alias_value=
ac_cv_env_target_alias_set=
ac_cv_env_target_alias_value=
ac_cv_f77_compiler_gnu=no
ac_cv_func__doprnt=no
ac_cv_func_gethostbyname=yes
ac_cv_func_getpagesize=yes
ac_cv_func_gettimeofday=yes
ac_cv_func_inet_ntoa=yes
ac_cv_func_malloc_0_nonnull=yes
ac_cv_func_memmove=yes
ac_cv_func_memset=yes
ac_cv_func_mmap_fixed_mapped=yes
ac_cv_func_munmap=yes
ac_cv_func_realloc_0_nonnull=yes
ac_cv_func_socket=yes
ac_cv_func_strerror=yes
ac_cv_func_vprintf=yes
ac_cv_header_arpa_inet_h=yes
ac_cv_header_dlfcn_h=yes
ac_cv_header_fcntl_h=yes
ac_cv_header_inttypes_h=yes
ac_cv_header_locale_h=yes
ac_cv_header_memory_h=yes
ac_cv_header_netdb_h=yes
ac_cv_header_netinet_in_h=yes
ac_cv_header_stdc=yes
ac_cv_header_stdint_h=yes
ac_cv_header_stdlib_h=yes
ac_cv_header_string_h=yes
ac_cv_header_strings_h=yes
ac_cv_header_sys_socket_h=yes
ac_cv_header_sys_stat_h=yes
ac_cv_header_sys_time_h=yes
ac_cv_header_sys_types_h=yes
ac_cv_header_time=yes
ac_cv_header_unistd_h=yes
ac_cv_host=i686-pc-linux-gnu
ac_cv_lib_evbase_main=yes
ac_cv_lib_pthread_main=yes
ac_cv_objext=o
ac_cv_path_EGREP='/bin/grep -E'
ac_cv_path_GREP=/bin/grep
ac_cv_path_install='/usr/bin/install -c'
ac_cv_path_mkdir=/bin/mkdir
ac_cv_prog_AWK=mawk
ac_cv_prog_CPP='gcc -E'
ac_cv_prog_CXXCPP='g++ -E'
ac_cv_prog_ac_ct_AR=ar
ac_cv_prog_ac_ct_CC=gcc
ac_cv_prog_ac_ct_CXX=g++
ac_cv_prog_ac_ct_RANLIB=ranlib
ac_cv_prog_ac_ct_STRIP=strip
ac_cv_prog_cc_c89=
ac_cv_prog_cc_g=yes
ac_cv_prog_cxx_g=yes
ac_cv_prog_f77_g=no
ac_cv_prog_make_make_set=yes
ac_cv_struct_tm=time.h
ac_cv_type_size_t=yes
am_cv_CC_dependencies_compiler_type=gcc3
am_cv_CXX_dependencies_compiler_type=gcc3
lt_cv_deplibs_check_method=pass_all
lt_cv_file_magic_cmd='$MAGIC_CMD'
lt_cv_file_magic_test_file=
lt_cv_ld_reload_flag=-r
lt_cv_objdir=.libs
lt_cv_path_LD=/usr/bin/ld
lt_cv_path_LDCXX=/usr/bin/ld
lt_cv_path_NM='/usr/bin/nm -B'
lt_cv_path_SED=/bin/sed
lt_cv_prog_compiler_c_o=yes
lt_cv_prog_compiler_c_o_CXX=yes
lt_cv_prog_compiler_pic_works=yes
lt_cv_prog_compiler_pic_works_CXX=yes
lt_cv_prog_compiler_rtti_exceptions=no
lt_cv_prog_compiler_static_works=yes
lt_cv_prog_compiler_static_works_CXX=yes
lt_cv_prog_gnu_ld=yes
lt_cv_prog_gnu_ldcxx=yes
lt_cv_sys_global_symbol_pipe='sed -n -e '\''s/^.*[ 	]\([ABCDGIRSTW][ABCDGIRSTW]*\)[ 	][ 	]*\([_A-Za-z][_A-Za-z0-9]*\)$/\1 \2 \2/p'\'''
lt_cv_sys_global_symbol_to_c_name_address='sed -n -e '\''s/^: \([^ ]*\) $/  {\"\1\", (lt_ptr) 0},/p'\'' -e '\''s/^[BCDEGRST] \([^ ]*\) \([^ ]*\)$/  {"\2", (lt_ptr) \&\2},/p'\'''
lt_cv_sys_global_symbol_to_cdecl='sed -n -e '\''s/^. .* \(.*\)$/extern int \1;/p'\'''
lt_cv_sys_lib_dlsearch_path_spec='/lib /usr/lib /lib/i486-linux-gnu /usr/lib/i486-linux-gnu /usr/local/lib '
lt_cv_sys_lib_search_path_spec='/usr/lib/gcc/i486-linux-gnu/4.3.2 /usr/lib /lib'
lt_cv_sys_max_cmd_len=98304
lt_lt_cv_prog_compiler_c_o='"yes"'
lt_lt_cv_prog_compiler_c_o_CXX='"yes"'
lt_lt_cv_sys_global_symbol_pipe='"sed -n -e '\''s/^.*[ 	]\\([ABCDGIRSTW][ABCDGIRSTW]*\\)[ 	][ 	]*\\([_A-Za-z][_A-Za-z0-9]*\\)\$/\\1 \\2 \\2/p'\''"'
lt_lt_cv_sys_global_symbol_to_c_name_address='"sed -n -e '\''s/^: \\([^ ]*\\) \$/  {\\\"\\1\\\", (lt_ptr) 0},/p'\'' -e '\''s/^[BCDEGRST] \\([^ ]*\\) \\([^ ]*\\)\$/  {\"\\2\", (lt_ptr) \\&\\2},/p'\''"'
lt_lt_cv_sys_global_symbol_to_cdecl='"sed -n -e '\''s/^. .* \\(.*\\)\$/extern int \\1;/p'\''"'

## ----------------- ##
## Output variables. ##
## ----------------- ##

ACLOCAL='${SHELL} /mnt/wind/a/libnbase-0.1.4_client/missing --run aclocal-1.10'
AMDEPBACKSLASH='\'
AMDEP_FALSE='#'
AMDEP_TRUE=''
AMTAR='${SHELL} /mnt/wind/a/libnbase-0.1.4_client/missing --run tar'
AR='ar'
AUTOCONF='${SHELL} /mnt/wind/a/libnbase-0.1.4_client/missing --run autoconf'
AUTOHEADER='${SHELL} /mnt/wind/a/libnbase-0.1.4_client/missing --run autoheader'
AUTOMAKE='${SHELL} /mnt/wind/a/libnbase-0.1.4_client/missing --run automake-1.10'
AWK='mawk'
CC='gcc'
CCDEPMODE='depmode=gcc3'
CFLAGS='-g -O2'
CPP='gcc -E'
CPPFLAGS=''
CXX='g++'
CXXCPP='g++ -E'
CXXDEPMODE='depmode=gcc3'
CXXFLAGS='-g -O2'
CYGPATH_W='echo'
DEFS='-DHAVE_CONFIG_H'
DEPDIR='.deps'
DSYMUTIL=''
ECHO='echo'
ECHO_C=''
ECHO_N='-n'
ECHO_T=''
EGREP='/bin/grep -E'
EXEEXT=''
F77=''
FFLAGS=''
GREP='/bin/grep'
INSTALL_DATA='${INSTALL} -m 644'
INSTALL_PROGRAM='${INSTALL}'
INSTALL_SCRIPT='${INSTALL}'
INSTALL_STRIP_PROGRAM='$(install_sh) -c -s'
LDFLAGS=''
LIBOBJS=''
LIBS='-lpthread -levbase '
LIBTOOL='$(SHELL) $(top_builddir)/libtool'
LN_S='ln'
LTLIBOBJS=''
MAKEINFO='${SHELL} /mnt/wind/a/libnbase-0.1.4_client/missing --run makeinfo'
NMEDIT=''
OBJEXT='o'
PACKAGE='libnbase'
PACKAGE_BUGREPORT='timsumchina@gmail.com'
PACKAGE_NAME='libnbase'
PACKAGE_STRING='libnbase 0.1.4'
PACKAGE_TARNAME='libnbase'
PACKAGE_VERSION='0.1.4'
PATH_SEPARATOR=':'
RANLIB='ranlib'
SED='/bin/sed'
SET_MAKE=''
SHELL='/bin/sh'
STRIP='strip'
VERSION='0.1.4'
ac_ct_CC='gcc'
ac_ct_CXX='g++'
ac_ct_F77=''
am__fastdepCC_FALSE='#'
am__fastdepCC_TRUE=''
am__fastdepCXX_FALSE='#'
am__fastdepCXX_TRUE=''
am__include='include'
am__isrc=''
am__leading_dot='.'
am__quote=''
am__tar='${AMTAR} chof - "$$tardir"'
am__untar='${AMTAR} xf -'
bindir='${exec_prefix}/bin'
build='i686-pc-linux-gnu'
build_alias=''
build_cpu='i686'
build_os='linux-gnu'
build_vendor='pc'
datadir='${datarootdir}'
datarootdir='${prefix}/share'
docdir='${datarootdir}/doc/${PACKAGE_TARNAME}'
dvidir='${docdir}'
exec_prefix='${prefix}'
host='i686-pc-linux-gnu'
host_alias=''
host_cpu='i686'
host_os='linux-gnu'
host_vendor='pc'
htmldir='${docdir}'
includedir='${prefix}/include'
infodir='${datarootdir}/info'
install_sh='$(SHELL) /mnt/wind/a/libnbase-0.1.4_client/install-sh'
libdir='${exec_prefix}/lib'
libexecdir='${exec_prefix}/libexec'
localedir='${datarootdir}/locale'
localstatedir='${prefix}/var'
mandir='${datarootdir}/man'
mkdir_p='/bin/mkdir -p'
oldincludedir='/usr/include'
pdfdir='${docdir}'
prefix='/usr/local'
program_transform_name='s,x,x,'
psdir='${docdir}'
sbindir='${exec_prefix}/sbin'
sharedstatedir='${prefix}/com'
sysconfdir='${prefix}/etc'
target_alias=''

## ----------- ##
## confdefs.h. ##
## ----------- ##

#define PACKAGE_NAME "libnbase"
#define PACKAGE_TARNAME "libnbase"
#define PACKAGE_VERSION "0.1.4"
#define PACKAGE_STRING "libnbase 0.1.4"
#define PACKAGE_BUGREPORT "timsumchina@gmail.com"
#define PACKAGE "libnbase"
#define VERSION "0.1.4"
#define STDC_HEADERS 1
#define HAVE_SYS_TYPES_H 1
#define HAVE_SYS_STAT_H 1
#define HAVE_STDLIB_H 1
#define HAVE_STRING_H 1
#define HAVE_MEMORY_H 1
#define HAVE_STRINGS_H 1
#define HAVE_INTTYPES_H 1
#define HAVE_STDINT_H 1
#define HAVE_UNISTD_H 1
#define HAVE_DLFCN_H 1
#define HAVE_LIBEVBASE 1
#define HAVE_LIBPTHREAD 1
#define STDC_HEADERS 1
#define HAVE_ARPA_INET_H 1
#define HAVE_FCNTL_H 1
#define HAVE_LOCALE_H 1
#define HAVE_NETDB_H 1
#define HAVE_NETINET_IN_H 1
#define HAVE_STDINT_H 1
#define HAVE_STDLIB_H 1
#define HAVE_STRING_H 1
#define HAVE_SYS_SOCKET_H 1
#define HAVE_SYS_TIME_H 1
#define HAVE_UNISTD_H 1
#define TIME_WITH_SYS_TIME 1
#define HAVE_STDLIB_H 1
#define HAVE_MALLOC 1
#define HAVE_STDLIB_H 1
#define HAVE_UNISTD_H 1
#define HAVE_GETPAGESIZE 1
#define HAVE_MMAP 1
#define HAVE_STDLIB_H 1
#define HAVE_REALLOC 1
#define HAVE_VPRINTF 1
#define HAVE_GETHOSTBYNAME 1
#define HAVE_GETTIMEOFDAY 1
#define HAVE_INET_NTOA 1
#define HAVE_MEMMOVE 1
#define HAVE_MEMSET 1
#define HAVE_MUNMAP 1
#define HAVE_SOCKET 1
#define HAVE_STRERROR 1

configure: exit 0
